Connecting to database specified by database.yml
Connecting to database specified by database.yml
  [1m[36m (0.2ms)[0m  [1mselect sqlite_version(*)[0m
  [1m[35m (2.1ms)[0m  CREATE TABLE "schema_migrations" ("version" varchar(255) NOT NULL) 
  [1m[36m (0.1ms)[0m  [1mPRAGMA index_list("schema_migrations")[0m
  [1m[35m (2.3ms)[0m  CREATE UNIQUE INDEX "unique_schema_migrations" ON "schema_migrations" ("version")
  [1m[36m (0.1ms)[0m  [1mSELECT "schema_migrations"."version" FROM "schema_migrations" [0m
Migrating to CreatePosts (20121129015321)
  [1m[35m (0.1ms)[0m  begin transaction
  [1m[36m (0.7ms)[0m  [1mCREATE TABLE "posts" ("id" INTEGER PRIMARY KEY AUTOINCREMENT NOT NULL, "title" varchar(255), "body" varchar(255), "created_at" datetime NOT NULL, "updated_at" datetime NOT NULL) [0m
  [1m[35m (0.2ms)[0m  INSERT INTO "schema_migrations" ("version") VALUES ('20121129015321')
  [1m[36m (2.5ms)[0m  [1mcommit transaction[0m
  [1m[35m (0.5ms)[0m  select sqlite_version(*)
  [1m[36m (0.1ms)[0m  [1mSELECT "schema_migrations"."version" FROM "schema_migrations" [0m
  [1m[35m (0.1ms)[0m  PRAGMA index_list("posts")
Connecting to database specified by database.yml


Started GET "/" for 127.0.0.1 at 2012-11-28 17:54:21 -0800
Connecting to database specified by database.yml
Processing by WelcomeController#index as HTML
  Rendered welcome/index.html.erb within layouts/application (3.7ms)
Compiled bootstrap/bootstrap.min.css  (0ms)  (pid 33093)
Compiled bootstrap/bootstrap-responsive.min.css  (0ms)  (pid 33093)
Compiled fontawesome/font-awesome.css  (0ms)  (pid 33093)
Compiled posts.css  (45ms)  (pid 33093)
Compiled welcome.css  (3ms)  (pid 33093)
Compiled application.css  (162ms)  (pid 33093)
Compiled jquery.js  (3ms)  (pid 33093)
Compiled jquery_ujs.js  (0ms)  (pid 33093)
Compiled angularjs/angular-1.0.1.min.js  (1ms)  (pid 33093)
Compiled angularjs/angular-bootstrap-1.0.1.min.js  (1ms)  (pid 33093)
Compiled angularjs/angular-bootstrap-prettify-1.0.1.min.js  (0ms)  (pid 33093)
Compiled angularjs/angular-cookies-1.0.1.min.js  (0ms)  (pid 33093)
Compiled angularjs/angular-loader-1.0.1.min.js  (0ms)  (pid 33093)
Compiled angularjs/angular-resource-1.0.1.min.js  (0ms)  (pid 33093)
Compiled angularjs/angular-sanitize-1.0.1.min.js  (0ms)  (pid 33093)
Compiled bootstrap/bootstrap.min.js  (0ms)  (pid 33093)
Compiled posts.js  (0ms)  (pid 33093)
Compiled posts.js  (595ms)  (pid 33093)
Compiled posts_controller.js  (0ms)  (pid 33093)
Compiled routes.js  (56ms)  (pid 33093)
Compiled underscoree/underscore-min.js  (0ms)  (pid 33093)
Compiled welcome.js  (163ms)  (pid 33093)
Compiled welcome_controller.js  (0ms)  (pid 33093)
Compiled application.js  (1145ms)  (pid 33093)
Completed 200 OK in 1545ms (Views: 1543.8ms | ActiveRecord: 0.0ms)


Started GET "/" for 127.0.0.1 at 2012-11-28 17:54:23 -0800
Processing by WelcomeController#index as HTML
  Rendered welcome/index.html.erb within layouts/application (0.1ms)
Completed 200 OK in 24ms (Views: 23.9ms | ActiveRecord: 0.0ms)


Started GET "/assets/bootstrap/bootstrap.min.css?body=1" for 127.0.0.1 at 2012-11-28 17:54:23 -0800
Served asset /bootstrap/bootstrap.min.css - 200 OK (8ms)


Started GET "/assets/bootstrap/bootstrap-responsive.min.css?body=1" for 127.0.0.1 at 2012-11-28 17:54:23 -0800
Served asset /bootstrap/bootstrap-responsive.min.css - 200 OK (3ms)


Started GET "/assets/fontawesome/font-awesome.css?body=1" for 127.0.0.1 at 2012-11-28 17:54:23 -0800
Served asset /fontawesome/font-awesome.css - 200 OK (3ms)


Started GET "/assets/angularjs/angular-1.0.1.min.js?body=1" for 127.0.0.1 at 2012-11-28 17:54:23 -0800
Served asset /angularjs/angular-1.0.1.min.js - 200 OK (6ms)


Started GET "/assets/posts.css?body=1" for 127.0.0.1 at 2012-11-28 17:54:23 -0800
Served asset /posts.css - 200 OK (7ms)


Started GET "/assets/jquery.js?body=1" for 127.0.0.1 at 2012-11-28 17:54:23 -0800
Served asset /jquery.js - 200 OK (98ms)


Started GET "/assets/angularjs/angular-bootstrap-prettify-1.0.1.min.js?body=1" for 127.0.0.1 at 2012-11-28 17:54:23 -0800
Served asset /angularjs/angular-bootstrap-prettify-1.0.1.min.js - 200 OK (7ms)


Started GET "/assets/welcome.css?body=1" for 127.0.0.1 at 2012-11-28 17:54:23 -0800
Served asset /welcome.css - 200 OK (3ms)


Started GET "/assets/angularjs/angular-cookies-1.0.1.min.js?body=1" for 127.0.0.1 at 2012-11-28 17:54:23 -0800
Served asset /angularjs/angular-cookies-1.0.1.min.js - 200 OK (5ms)


Started GET "/assets/jquery_ujs.js?body=1" for 127.0.0.1 at 2012-11-28 17:54:23 -0800
Served asset /jquery_ujs.js - 304 Not Modified (4ms)


Started GET "/assets/posts.js?body=1" for 127.0.0.1 at 2012-11-28 17:54:23 -0800
Served asset /posts.js - 200 OK (8ms)


Started GET "/assets/posts_controller.js?body=1" for 127.0.0.1 at 2012-11-28 17:54:23 -0800
Served asset /posts_controller.js - 200 OK (4ms)


Started GET "/assets/angularjs/angular-sanitize-1.0.1.min.js?body=1" for 127.0.0.1 at 2012-11-28 17:54:23 -0800
Served asset /angularjs/angular-sanitize-1.0.1.min.js - 200 OK (3ms)


Started GET "/assets/underscoree/underscore-min.js?body=1" for 127.0.0.1 at 2012-11-28 17:54:23 -0800
Served asset /underscoree/underscore-min.js - 200 OK (4ms)


Started GET "/assets/routes.js?body=1" for 127.0.0.1 at 2012-11-28 17:54:23 -0800
Served asset /routes.js - 200 OK (3ms)


Started GET "/assets/angularjs/angular-loader-1.0.1.min.js?body=1" for 127.0.0.1 at 2012-11-28 17:54:23 -0800
Served asset /angularjs/angular-loader-1.0.1.min.js - 200 OK (3ms)


Started GET "/assets/angularjs/angular-bootstrap-1.0.1.min.js?body=1" for 127.0.0.1 at 2012-11-28 17:54:23 -0800
Served asset /angularjs/angular-bootstrap-1.0.1.min.js - 200 OK (3ms)


Started GET "/assets/bootstrap/bootstrap.min.js?body=1" for 127.0.0.1 at 2012-11-28 17:54:23 -0800
Served asset /bootstrap/bootstrap.min.js - 200 OK (40ms)


Started GET "/assets/angularjs/angular-resource-1.0.1.min.js?body=1" for 127.0.0.1 at 2012-11-28 17:54:23 -0800
Served asset /angularjs/angular-resource-1.0.1.min.js - 200 OK (3ms)


Started GET "/assets/welcome.js?body=1" for 127.0.0.1 at 2012-11-28 17:54:23 -0800
Served asset /welcome.js - 200 OK (3ms)


Started GET "/assets/welcome_controller.js?body=1" for 127.0.0.1 at 2012-11-28 17:54:23 -0800
Served asset /welcome_controller.js - 200 OK (2ms)


Started GET "/assets/welcome/index.html" for 127.0.0.1 at 2012-11-28 17:54:24 -0800
Served asset /welcome/index.html - 200 OK (17ms)


Started GET "/assets/AngularJS-medium.png" for 127.0.0.1 at 2012-11-28 17:54:24 -0800
Served asset /AngularJS-medium.png - 200 OK (11ms)


Started GET "/images/favicon.ico" for 127.0.0.1 at 2012-11-28 17:54:24 -0800

ActionController::RoutingError (No route matches [GET] "/images/favicon.ico"):
  actionpack (3.2.8) lib/action_dispatch/middleware/debug_exceptions.rb:21:in `call'
  actionpack (3.2.8) lib/action_dispatch/middleware/show_exceptions.rb:56:in `call'
  railties (3.2.8) lib/rails/rack/logger.rb:26:in `call_app'
  railties (3.2.8) lib/rails/rack/logger.rb:16:in `call'
  actionpack (3.2.8) lib/action_dispatch/middleware/request_id.rb:22:in `call'
  rack (1.4.1) lib/rack/methodoverride.rb:21:in `call'
  rack (1.4.1) lib/rack/runtime.rb:17:in `call'
  activesupport (3.2.8) lib/active_support/cache/strategy/local_cache.rb:72:in `call'
  rack (1.4.1) lib/rack/lock.rb:15:in `call'
  actionpack (3.2.8) lib/action_dispatch/middleware/static.rb:62:in `call'
  railties (3.2.8) lib/rails/engine.rb:479:in `call'
  railties (3.2.8) lib/rails/application.rb:223:in `call'
  rack (1.4.1) lib/rack/content_length.rb:14:in `call'
  railties (3.2.8) lib/rails/rack/log_tailer.rb:17:in `call'
  rack (1.4.1) lib/rack/handler/webrick.rb:59:in `service'
  /Users/brianwilkerson/.rvm/rubies/ruby-1.9.3-p286/lib/ruby/1.9.1/webrick/httpserver.rb:138:in `service'
  /Users/brianwilkerson/.rvm/rubies/ruby-1.9.3-p286/lib/ruby/1.9.1/webrick/httpserver.rb:94:in `run'
  /Users/brianwilkerson/.rvm/rubies/ruby-1.9.3-p286/lib/ruby/1.9.1/webrick/server.rb:191:in `block in start_thread'


  Rendered /Users/brianwilkerson/.bundler/gems/actionpack-3.2.8/lib/action_dispatch/middleware/templates/rescues/routing_error.erb within rescues/layout (1.3ms)


Started GET "/assets/AngularJS-medium.png" for 127.0.0.1 at 2012-11-28 17:54:34 -0800
Served asset /AngularJS-medium.png - 304 Not Modified (0ms)


Started GET "/images/favicon.ico" for 127.0.0.1 at 2012-11-28 17:54:34 -0800

ActionController::RoutingError (No route matches [GET] "/images/favicon.ico"):
  actionpack (3.2.8) lib/action_dispatch/middleware/debug_exceptions.rb:21:in `call'
  actionpack (3.2.8) lib/action_dispatch/middleware/show_exceptions.rb:56:in `call'
  railties (3.2.8) lib/rails/rack/logger.rb:26:in `call_app'
  railties (3.2.8) lib/rails/rack/logger.rb:16:in `call'
  actionpack (3.2.8) lib/action_dispatch/middleware/request_id.rb:22:in `call'
  rack (1.4.1) lib/rack/methodoverride.rb:21:in `call'
  rack (1.4.1) lib/rack/runtime.rb:17:in `call'
  activesupport (3.2.8) lib/active_support/cache/strategy/local_cache.rb:72:in `call'
  rack (1.4.1) lib/rack/lock.rb:15:in `call'
  actionpack (3.2.8) lib/action_dispatch/middleware/static.rb:62:in `call'
  railties (3.2.8) lib/rails/engine.rb:479:in `call'
  railties (3.2.8) lib/rails/application.rb:223:in `call'
  rack (1.4.1) lib/rack/content_length.rb:14:in `call'
  railties (3.2.8) lib/rails/rack/log_tailer.rb:17:in `call'
  rack (1.4.1) lib/rack/handler/webrick.rb:59:in `service'
  /Users/brianwilkerson/.rvm/rubies/ruby-1.9.3-p286/lib/ruby/1.9.1/webrick/httpserver.rb:138:in `service'
  /Users/brianwilkerson/.rvm/rubies/ruby-1.9.3-p286/lib/ruby/1.9.1/webrick/httpserver.rb:94:in `run'
  /Users/brianwilkerson/.rvm/rubies/ruby-1.9.3-p286/lib/ruby/1.9.1/webrick/server.rb:191:in `block in start_thread'


  Rendered /Users/brianwilkerson/.bundler/gems/actionpack-3.2.8/lib/action_dispatch/middleware/templates/rescues/routing_error.erb within rescues/layout (1.2ms)


Started GET "/assets/AngularJS-medium.png" for 127.0.0.1 at 2012-11-28 17:54:35 -0800
Served asset /AngularJS-medium.png - 304 Not Modified (0ms)


Started GET "/images/favicon.ico" for 127.0.0.1 at 2012-11-28 17:54:35 -0800

ActionController::RoutingError (No route matches [GET] "/images/favicon.ico"):
  actionpack (3.2.8) lib/action_dispatch/middleware/debug_exceptions.rb:21:in `call'
  actionpack (3.2.8) lib/action_dispatch/middleware/show_exceptions.rb:56:in `call'
  railties (3.2.8) lib/rails/rack/logger.rb:26:in `call_app'
  railties (3.2.8) lib/rails/rack/logger.rb:16:in `call'
  actionpack (3.2.8) lib/action_dispatch/middleware/request_id.rb:22:in `call'
  rack (1.4.1) lib/rack/methodoverride.rb:21:in `call'
  rack (1.4.1) lib/rack/runtime.rb:17:in `call'
  activesupport (3.2.8) lib/active_support/cache/strategy/local_cache.rb:72:in `call'
  rack (1.4.1) lib/rack/lock.rb:15:in `call'
  actionpack (3.2.8) lib/action_dispatch/middleware/static.rb:62:in `call'
  railties (3.2.8) lib/rails/engine.rb:479:in `call'
  railties (3.2.8) lib/rails/application.rb:223:in `call'
  rack (1.4.1) lib/rack/content_length.rb:14:in `call'
  railties (3.2.8) lib/rails/rack/log_tailer.rb:17:in `call'
  rack (1.4.1) lib/rack/handler/webrick.rb:59:in `service'
  /Users/brianwilkerson/.rvm/rubies/ruby-1.9.3-p286/lib/ruby/1.9.1/webrick/httpserver.rb:138:in `service'
  /Users/brianwilkerson/.rvm/rubies/ruby-1.9.3-p286/lib/ruby/1.9.1/webrick/httpserver.rb:94:in `run'
  /Users/brianwilkerson/.rvm/rubies/ruby-1.9.3-p286/lib/ruby/1.9.1/webrick/server.rb:191:in `block in start_thread'


  Rendered /Users/brianwilkerson/.bundler/gems/actionpack-3.2.8/lib/action_dispatch/middleware/templates/rescues/routing_error.erb within rescues/layout (1.1ms)


Started GET "/assets/AngularJS-medium.png" for 127.0.0.1 at 2012-11-28 17:54:36 -0800
Served asset /AngularJS-medium.png - 304 Not Modified (1ms)


Started GET "/images/favicon.ico" for 127.0.0.1 at 2012-11-28 17:54:36 -0800

ActionController::RoutingError (No route matches [GET] "/images/favicon.ico"):
  actionpack (3.2.8) lib/action_dispatch/middleware/debug_exceptions.rb:21:in `call'
  actionpack (3.2.8) lib/action_dispatch/middleware/show_exceptions.rb:56:in `call'
  railties (3.2.8) lib/rails/rack/logger.rb:26:in `call_app'
  railties (3.2.8) lib/rails/rack/logger.rb:16:in `call'
  actionpack (3.2.8) lib/action_dispatch/middleware/request_id.rb:22:in `call'
  rack (1.4.1) lib/rack/methodoverride.rb:21:in `call'
  rack (1.4.1) lib/rack/runtime.rb:17:in `call'
  activesupport (3.2.8) lib/active_support/cache/strategy/local_cache.rb:72:in `call'
  rack (1.4.1) lib/rack/lock.rb:15:in `call'
  actionpack (3.2.8) lib/action_dispatch/middleware/static.rb:62:in `call'
  railties (3.2.8) lib/rails/engine.rb:479:in `call'
  railties (3.2.8) lib/rails/application.rb:223:in `call'
  rack (1.4.1) lib/rack/content_length.rb:14:in `call'
  railties (3.2.8) lib/rails/rack/log_tailer.rb:17:in `call'
  rack (1.4.1) lib/rack/handler/webrick.rb:59:in `service'
  /Users/brianwilkerson/.rvm/rubies/ruby-1.9.3-p286/lib/ruby/1.9.1/webrick/httpserver.rb:138:in `service'
  /Users/brianwilkerson/.rvm/rubies/ruby-1.9.3-p286/lib/ruby/1.9.1/webrick/httpserver.rb:94:in `run'
  /Users/brianwilkerson/.rvm/rubies/ruby-1.9.3-p286/lib/ruby/1.9.1/webrick/server.rb:191:in `block in start_thread'


  Rendered /Users/brianwilkerson/.bundler/gems/actionpack-3.2.8/lib/action_dispatch/middleware/templates/rescues/routing_error.erb within rescues/layout (1.2ms)


Started GET "/assets/AngularJS-medium.png" for 127.0.0.1 at 2012-11-28 17:54:38 -0800
Served asset /AngularJS-medium.png - 304 Not Modified (0ms)


Started GET "/images/favicon.ico" for 127.0.0.1 at 2012-11-28 17:54:38 -0800

ActionController::RoutingError (No route matches [GET] "/images/favicon.ico"):
  actionpack (3.2.8) lib/action_dispatch/middleware/debug_exceptions.rb:21:in `call'
  actionpack (3.2.8) lib/action_dispatch/middleware/show_exceptions.rb:56:in `call'
  railties (3.2.8) lib/rails/rack/logger.rb:26:in `call_app'
  railties (3.2.8) lib/rails/rack/logger.rb:16:in `call'
  actionpack (3.2.8) lib/action_dispatch/middleware/request_id.rb:22:in `call'
  rack (1.4.1) lib/rack/methodoverride.rb:21:in `call'
  rack (1.4.1) lib/rack/runtime.rb:17:in `call'
  activesupport (3.2.8) lib/active_support/cache/strategy/local_cache.rb:72:in `call'
  rack (1.4.1) lib/rack/lock.rb:15:in `call'
  actionpack (3.2.8) lib/action_dispatch/middleware/static.rb:62:in `call'
  railties (3.2.8) lib/rails/engine.rb:479:in `call'
  railties (3.2.8) lib/rails/application.rb:223:in `call'
  rack (1.4.1) lib/rack/content_length.rb:14:in `call'
  railties (3.2.8) lib/rails/rack/log_tailer.rb:17:in `call'
  rack (1.4.1) lib/rack/handler/webrick.rb:59:in `service'
  /Users/brianwilkerson/.rvm/rubies/ruby-1.9.3-p286/lib/ruby/1.9.1/webrick/httpserver.rb:138:in `service'
  /Users/brianwilkerson/.rvm/rubies/ruby-1.9.3-p286/lib/ruby/1.9.1/webrick/httpserver.rb:94:in `run'
  /Users/brianwilkerson/.rvm/rubies/ruby-1.9.3-p286/lib/ruby/1.9.1/webrick/server.rb:191:in `block in start_thread'


  Rendered /Users/brianwilkerson/.bundler/gems/actionpack-3.2.8/lib/action_dispatch/middleware/templates/rescues/routing_error.erb within rescues/layout (4.9ms)


Started GET "/assets/AngularJS-medium.png" for 127.0.0.1 at 2012-11-28 17:54:39 -0800
Served asset /AngularJS-medium.png - 304 Not Modified (1ms)


Started GET "/images/favicon.ico" for 127.0.0.1 at 2012-11-28 17:54:39 -0800

ActionController::RoutingError (No route matches [GET] "/images/favicon.ico"):
  actionpack (3.2.8) lib/action_dispatch/middleware/debug_exceptions.rb:21:in `call'
  actionpack (3.2.8) lib/action_dispatch/middleware/show_exceptions.rb:56:in `call'
  railties (3.2.8) lib/rails/rack/logger.rb:26:in `call_app'
  railties (3.2.8) lib/rails/rack/logger.rb:16:in `call'
  actionpack (3.2.8) lib/action_dispatch/middleware/request_id.rb:22:in `call'
  rack (1.4.1) lib/rack/methodoverride.rb:21:in `call'
  rack (1.4.1) lib/rack/runtime.rb:17:in `call'
  activesupport (3.2.8) lib/active_support/cache/strategy/local_cache.rb:72:in `call'
  rack (1.4.1) lib/rack/lock.rb:15:in `call'
  actionpack (3.2.8) lib/action_dispatch/middleware/static.rb:62:in `call'
  railties (3.2.8) lib/rails/engine.rb:479:in `call'
  railties (3.2.8) lib/rails/application.rb:223:in `call'
  rack (1.4.1) lib/rack/content_length.rb:14:in `call'
  railties (3.2.8) lib/rails/rack/log_tailer.rb:17:in `call'
  rack (1.4.1) lib/rack/handler/webrick.rb:59:in `service'
  /Users/brianwilkerson/.rvm/rubies/ruby-1.9.3-p286/lib/ruby/1.9.1/webrick/httpserver.rb:138:in `service'
  /Users/brianwilkerson/.rvm/rubies/ruby-1.9.3-p286/lib/ruby/1.9.1/webrick/httpserver.rb:94:in `run'
  /Users/brianwilkerson/.rvm/rubies/ruby-1.9.3-p286/lib/ruby/1.9.1/webrick/server.rb:191:in `block in start_thread'


  Rendered /Users/brianwilkerson/.bundler/gems/actionpack-3.2.8/lib/action_dispatch/middleware/templates/rescues/routing_error.erb within rescues/layout (1.1ms)


Started GET "/assets/AngularJS-medium.png" for 127.0.0.1 at 2012-11-28 17:54:40 -0800
Served asset /AngularJS-medium.png - 304 Not Modified (1ms)


Started GET "/images/favicon.ico" for 127.0.0.1 at 2012-11-28 17:54:40 -0800

ActionController::RoutingError (No route matches [GET] "/images/favicon.ico"):
  actionpack (3.2.8) lib/action_dispatch/middleware/debug_exceptions.rb:21:in `call'
  actionpack (3.2.8) lib/action_dispatch/middleware/show_exceptions.rb:56:in `call'
  railties (3.2.8) lib/rails/rack/logger.rb:26:in `call_app'
  railties (3.2.8) lib/rails/rack/logger.rb:16:in `call'
  actionpack (3.2.8) lib/action_dispatch/middleware/request_id.rb:22:in `call'
  rack (1.4.1) lib/rack/methodoverride.rb:21:in `call'
  rack (1.4.1) lib/rack/runtime.rb:17:in `call'
  activesupport (3.2.8) lib/active_support/cache/strategy/local_cache.rb:72:in `call'
  rack (1.4.1) lib/rack/lock.rb:15:in `call'
  actionpack (3.2.8) lib/action_dispatch/middleware/static.rb:62:in `call'
  railties (3.2.8) lib/rails/engine.rb:479:in `call'
  railties (3.2.8) lib/rails/application.rb:223:in `call'
  rack (1.4.1) lib/rack/content_length.rb:14:in `call'
  railties (3.2.8) lib/rails/rack/log_tailer.rb:17:in `call'
  rack (1.4.1) lib/rack/handler/webrick.rb:59:in `service'
  /Users/brianwilkerson/.rvm/rubies/ruby-1.9.3-p286/lib/ruby/1.9.1/webrick/httpserver.rb:138:in `service'
  /Users/brianwilkerson/.rvm/rubies/ruby-1.9.3-p286/lib/ruby/1.9.1/webrick/httpserver.rb:94:in `run'
  /Users/brianwilkerson/.rvm/rubies/ruby-1.9.3-p286/lib/ruby/1.9.1/webrick/server.rb:191:in `block in start_thread'


  Rendered /Users/brianwilkerson/.bundler/gems/actionpack-3.2.8/lib/action_dispatch/middleware/templates/rescues/routing_error.erb within rescues/layout (1.5ms)


Started GET "/assets/AngularJS-medium.png" for 127.0.0.1 at 2012-11-28 17:54:48 -0800
Served asset /AngularJS-medium.png - 304 Not Modified (0ms)


Started GET "/images/favicon.ico" for 127.0.0.1 at 2012-11-28 17:54:48 -0800

ActionController::RoutingError (No route matches [GET] "/images/favicon.ico"):
  actionpack (3.2.8) lib/action_dispatch/middleware/debug_exceptions.rb:21:in `call'
  actionpack (3.2.8) lib/action_dispatch/middleware/show_exceptions.rb:56:in `call'
  railties (3.2.8) lib/rails/rack/logger.rb:26:in `call_app'
  railties (3.2.8) lib/rails/rack/logger.rb:16:in `call'
  actionpack (3.2.8) lib/action_dispatch/middleware/request_id.rb:22:in `call'
  rack (1.4.1) lib/rack/methodoverride.rb:21:in `call'
  rack (1.4.1) lib/rack/runtime.rb:17:in `call'
  activesupport (3.2.8) lib/active_support/cache/strategy/local_cache.rb:72:in `call'
  rack (1.4.1) lib/rack/lock.rb:15:in `call'
  actionpack (3.2.8) lib/action_dispatch/middleware/static.rb:62:in `call'
  railties (3.2.8) lib/rails/engine.rb:479:in `call'
  railties (3.2.8) lib/rails/application.rb:223:in `call'
  rack (1.4.1) lib/rack/content_length.rb:14:in `call'
  railties (3.2.8) lib/rails/rack/log_tailer.rb:17:in `call'
  rack (1.4.1) lib/rack/handler/webrick.rb:59:in `service'
  /Users/brianwilkerson/.rvm/rubies/ruby-1.9.3-p286/lib/ruby/1.9.1/webrick/httpserver.rb:138:in `service'
  /Users/brianwilkerson/.rvm/rubies/ruby-1.9.3-p286/lib/ruby/1.9.1/webrick/httpserver.rb:94:in `run'
  /Users/brianwilkerson/.rvm/rubies/ruby-1.9.3-p286/lib/ruby/1.9.1/webrick/server.rb:191:in `block in start_thread'


  Rendered /Users/brianwilkerson/.bundler/gems/actionpack-3.2.8/lib/action_dispatch/middleware/templates/rescues/routing_error.erb within rescues/layout (3.4ms)


Started GET "/assets/AngularJS-medium.png" for 127.0.0.1 at 2012-11-28 17:54:49 -0800
Served asset /AngularJS-medium.png - 304 Not Modified (0ms)


Started GET "/images/favicon.ico" for 127.0.0.1 at 2012-11-28 17:54:49 -0800

ActionController::RoutingError (No route matches [GET] "/images/favicon.ico"):
  actionpack (3.2.8) lib/action_dispatch/middleware/debug_exceptions.rb:21:in `call'
  actionpack (3.2.8) lib/action_dispatch/middleware/show_exceptions.rb:56:in `call'
  railties (3.2.8) lib/rails/rack/logger.rb:26:in `call_app'
  railties (3.2.8) lib/rails/rack/logger.rb:16:in `call'
  actionpack (3.2.8) lib/action_dispatch/middleware/request_id.rb:22:in `call'
  rack (1.4.1) lib/rack/methodoverride.rb:21:in `call'
  rack (1.4.1) lib/rack/runtime.rb:17:in `call'
  activesupport (3.2.8) lib/active_support/cache/strategy/local_cache.rb:72:in `call'
  rack (1.4.1) lib/rack/lock.rb:15:in `call'
  actionpack (3.2.8) lib/action_dispatch/middleware/static.rb:62:in `call'
  railties (3.2.8) lib/rails/engine.rb:479:in `call'
  railties (3.2.8) lib/rails/application.rb:223:in `call'
  rack (1.4.1) lib/rack/content_length.rb:14:in `call'
  railties (3.2.8) lib/rails/rack/log_tailer.rb:17:in `call'
  rack (1.4.1) lib/rack/handler/webrick.rb:59:in `service'
  /Users/brianwilkerson/.rvm/rubies/ruby-1.9.3-p286/lib/ruby/1.9.1/webrick/httpserver.rb:138:in `service'
  /Users/brianwilkerson/.rvm/rubies/ruby-1.9.3-p286/lib/ruby/1.9.1/webrick/httpserver.rb:94:in `run'
  /Users/brianwilkerson/.rvm/rubies/ruby-1.9.3-p286/lib/ruby/1.9.1/webrick/server.rb:191:in `block in start_thread'


  Rendered /Users/brianwilkerson/.bundler/gems/actionpack-3.2.8/lib/action_dispatch/middleware/templates/rescues/routing_error.erb within rescues/layout (1.2ms)


Started GET "/assets/AngularJS-medium.png" for 127.0.0.1 at 2012-11-28 17:54:50 -0800
Served asset /AngularJS-medium.png - 304 Not Modified (0ms)


Started GET "/images/favicon.ico" for 127.0.0.1 at 2012-11-28 17:54:50 -0800

ActionController::RoutingError (No route matches [GET] "/images/favicon.ico"):
  actionpack (3.2.8) lib/action_dispatch/middleware/debug_exceptions.rb:21:in `call'
  actionpack (3.2.8) lib/action_dispatch/middleware/show_exceptions.rb:56:in `call'
  railties (3.2.8) lib/rails/rack/logger.rb:26:in `call_app'
  railties (3.2.8) lib/rails/rack/logger.rb:16:in `call'
  actionpack (3.2.8) lib/action_dispatch/middleware/request_id.rb:22:in `call'
  rack (1.4.1) lib/rack/methodoverride.rb:21:in `call'
  rack (1.4.1) lib/rack/runtime.rb:17:in `call'
  activesupport (3.2.8) lib/active_support/cache/strategy/local_cache.rb:72:in `call'
  rack (1.4.1) lib/rack/lock.rb:15:in `call'
  actionpack (3.2.8) lib/action_dispatch/middleware/static.rb:62:in `call'
  railties (3.2.8) lib/rails/engine.rb:479:in `call'
  railties (3.2.8) lib/rails/application.rb:223:in `call'
  rack (1.4.1) lib/rack/content_length.rb:14:in `call'
  railties (3.2.8) lib/rails/rack/log_tailer.rb:17:in `call'
  rack (1.4.1) lib/rack/handler/webrick.rb:59:in `service'
  /Users/brianwilkerson/.rvm/rubies/ruby-1.9.3-p286/lib/ruby/1.9.1/webrick/httpserver.rb:138:in `service'
  /Users/brianwilkerson/.rvm/rubies/ruby-1.9.3-p286/lib/ruby/1.9.1/webrick/httpserver.rb:94:in `run'
  /Users/brianwilkerson/.rvm/rubies/ruby-1.9.3-p286/lib/ruby/1.9.1/webrick/server.rb:191:in `block in start_thread'


  Rendered /Users/brianwilkerson/.bundler/gems/actionpack-3.2.8/lib/action_dispatch/middleware/templates/rescues/routing_error.erb within rescues/layout (1.2ms)


Started GET "/assets/AngularJS-medium.png" for 127.0.0.1 at 2012-11-28 17:54:58 -0800
Served asset /AngularJS-medium.png - 304 Not Modified (0ms)


Started GET "/images/favicon.ico" for 127.0.0.1 at 2012-11-28 17:54:58 -0800

ActionController::RoutingError (No route matches [GET] "/images/favicon.ico"):
  actionpack (3.2.8) lib/action_dispatch/middleware/debug_exceptions.rb:21:in `call'
  actionpack (3.2.8) lib/action_dispatch/middleware/show_exceptions.rb:56:in `call'
  railties (3.2.8) lib/rails/rack/logger.rb:26:in `call_app'
  railties (3.2.8) lib/rails/rack/logger.rb:16:in `call'
  actionpack (3.2.8) lib/action_dispatch/middleware/request_id.rb:22:in `call'
  rack (1.4.1) lib/rack/methodoverride.rb:21:in `call'
  rack (1.4.1) lib/rack/runtime.rb:17:in `call'
  activesupport (3.2.8) lib/active_support/cache/strategy/local_cache.rb:72:in `call'
  rack (1.4.1) lib/rack/lock.rb:15:in `call'
  actionpack (3.2.8) lib/action_dispatch/middleware/static.rb:62:in `call'
  railties (3.2.8) lib/rails/engine.rb:479:in `call'
  railties (3.2.8) lib/rails/application.rb:223:in `call'
  rack (1.4.1) lib/rack/content_length.rb:14:in `call'
  railties (3.2.8) lib/rails/rack/log_tailer.rb:17:in `call'
  rack (1.4.1) lib/rack/handler/webrick.rb:59:in `service'
  /Users/brianwilkerson/.rvm/rubies/ruby-1.9.3-p286/lib/ruby/1.9.1/webrick/httpserver.rb:138:in `service'
  /Users/brianwilkerson/.rvm/rubies/ruby-1.9.3-p286/lib/ruby/1.9.1/webrick/httpserver.rb:94:in `run'
  /Users/brianwilkerson/.rvm/rubies/ruby-1.9.3-p286/lib/ruby/1.9.1/webrick/server.rb:191:in `block in start_thread'


  Rendered /Users/brianwilkerson/.bundler/gems/actionpack-3.2.8/lib/action_dispatch/middleware/templates/rescues/routing_error.erb within rescues/layout (1.0ms)


Started GET "/assets/AngularJS-medium.png" for 127.0.0.1 at 2012-11-28 17:54:59 -0800
Served asset /AngularJS-medium.png - 304 Not Modified (0ms)


Started GET "/images/favicon.ico" for 127.0.0.1 at 2012-11-28 17:54:59 -0800

ActionController::RoutingError (No route matches [GET] "/images/favicon.ico"):
  actionpack (3.2.8) lib/action_dispatch/middleware/debug_exceptions.rb:21:in `call'
  actionpack (3.2.8) lib/action_dispatch/middleware/show_exceptions.rb:56:in `call'
  railties (3.2.8) lib/rails/rack/logger.rb:26:in `call_app'
  railties (3.2.8) lib/rails/rack/logger.rb:16:in `call'
  actionpack (3.2.8) lib/action_dispatch/middleware/request_id.rb:22:in `call'
  rack (1.4.1) lib/rack/methodoverride.rb:21:in `call'
  rack (1.4.1) lib/rack/runtime.rb:17:in `call'
  activesupport (3.2.8) lib/active_support/cache/strategy/local_cache.rb:72:in `call'
  rack (1.4.1) lib/rack/lock.rb:15:in `call'
  actionpack (3.2.8) lib/action_dispatch/middleware/static.rb:62:in `call'
  railties (3.2.8) lib/rails/engine.rb:479:in `call'
  railties (3.2.8) lib/rails/application.rb:223:in `call'
  rack (1.4.1) lib/rack/content_length.rb:14:in `call'
  railties (3.2.8) lib/rails/rack/log_tailer.rb:17:in `call'
  rack (1.4.1) lib/rack/handler/webrick.rb:59:in `service'
  /Users/brianwilkerson/.rvm/rubies/ruby-1.9.3-p286/lib/ruby/1.9.1/webrick/httpserver.rb:138:in `service'
  /Users/brianwilkerson/.rvm/rubies/ruby-1.9.3-p286/lib/ruby/1.9.1/webrick/httpserver.rb:94:in `run'
  /Users/brianwilkerson/.rvm/rubies/ruby-1.9.3-p286/lib/ruby/1.9.1/webrick/server.rb:191:in `block in start_thread'


  Rendered /Users/brianwilkerson/.bundler/gems/actionpack-3.2.8/lib/action_dispatch/middleware/templates/rescues/routing_error.erb within rescues/layout (1.1ms)


Started GET "/assets/AngularJS-medium.png" for 127.0.0.1 at 2012-11-28 17:55:00 -0800
Served asset /AngularJS-medium.png - 304 Not Modified (0ms)


Started GET "/images/favicon.ico" for 127.0.0.1 at 2012-11-28 17:55:00 -0800

ActionController::RoutingError (No route matches [GET] "/images/favicon.ico"):
  actionpack (3.2.8) lib/action_dispatch/middleware/debug_exceptions.rb:21:in `call'
  actionpack (3.2.8) lib/action_dispatch/middleware/show_exceptions.rb:56:in `call'
  railties (3.2.8) lib/rails/rack/logger.rb:26:in `call_app'
  railties (3.2.8) lib/rails/rack/logger.rb:16:in `call'
  actionpack (3.2.8) lib/action_dispatch/middleware/request_id.rb:22:in `call'
  rack (1.4.1) lib/rack/methodoverride.rb:21:in `call'
  rack (1.4.1) lib/rack/runtime.rb:17:in `call'
  activesupport (3.2.8) lib/active_support/cache/strategy/local_cache.rb:72:in `call'
  rack (1.4.1) lib/rack/lock.rb:15:in `call'
  actionpack (3.2.8) lib/action_dispatch/middleware/static.rb:62:in `call'
  railties (3.2.8) lib/rails/engine.rb:479:in `call'
  railties (3.2.8) lib/rails/application.rb:223:in `call'
  rack (1.4.1) lib/rack/content_length.rb:14:in `call'
  railties (3.2.8) lib/rails/rack/log_tailer.rb:17:in `call'
  rack (1.4.1) lib/rack/handler/webrick.rb:59:in `service'
  /Users/brianwilkerson/.rvm/rubies/ruby-1.9.3-p286/lib/ruby/1.9.1/webrick/httpserver.rb:138:in `service'
  /Users/brianwilkerson/.rvm/rubies/ruby-1.9.3-p286/lib/ruby/1.9.1/webrick/httpserver.rb:94:in `run'
  /Users/brianwilkerson/.rvm/rubies/ruby-1.9.3-p286/lib/ruby/1.9.1/webrick/server.rb:191:in `block in start_thread'


  Rendered /Users/brianwilkerson/.bundler/gems/actionpack-3.2.8/lib/action_dispatch/middleware/templates/rescues/routing_error.erb within rescues/layout (1.5ms)


Started GET "/assets/AngularJS-medium.png" for 127.0.0.1 at 2012-11-28 17:55:02 -0800
Served asset /AngularJS-medium.png - 304 Not Modified (0ms)


Started GET "/images/favicon.ico" for 127.0.0.1 at 2012-11-28 17:55:02 -0800

ActionController::RoutingError (No route matches [GET] "/images/favicon.ico"):
  actionpack (3.2.8) lib/action_dispatch/middleware/debug_exceptions.rb:21:in `call'
  actionpack (3.2.8) lib/action_dispatch/middleware/show_exceptions.rb:56:in `call'
  railties (3.2.8) lib/rails/rack/logger.rb:26:in `call_app'
  railties (3.2.8) lib/rails/rack/logger.rb:16:in `call'
  actionpack (3.2.8) lib/action_dispatch/middleware/request_id.rb:22:in `call'
  rack (1.4.1) lib/rack/methodoverride.rb:21:in `call'
  rack (1.4.1) lib/rack/runtime.rb:17:in `call'
  activesupport (3.2.8) lib/active_support/cache/strategy/local_cache.rb:72:in `call'
  rack (1.4.1) lib/rack/lock.rb:15:in `call'
  actionpack (3.2.8) lib/action_dispatch/middleware/static.rb:62:in `call'
  railties (3.2.8) lib/rails/engine.rb:479:in `call'
  railties (3.2.8) lib/rails/application.rb:223:in `call'
  rack (1.4.1) lib/rack/content_length.rb:14:in `call'
  railties (3.2.8) lib/rails/rack/log_tailer.rb:17:in `call'
  rack (1.4.1) lib/rack/handler/webrick.rb:59:in `service'
  /Users/brianwilkerson/.rvm/rubies/ruby-1.9.3-p286/lib/ruby/1.9.1/webrick/httpserver.rb:138:in `service'
  /Users/brianwilkerson/.rvm/rubies/ruby-1.9.3-p286/lib/ruby/1.9.1/webrick/httpserver.rb:94:in `run'
  /Users/brianwilkerson/.rvm/rubies/ruby-1.9.3-p286/lib/ruby/1.9.1/webrick/server.rb:191:in `block in start_thread'


  Rendered /Users/brianwilkerson/.bundler/gems/actionpack-3.2.8/lib/action_dispatch/middleware/templates/rescues/routing_error.erb within rescues/layout (1.1ms)


Started GET "/posts/new" for 127.0.0.1 at 2012-11-28 18:00:38 -0800
Connecting to database specified by database.yml
Processing by PostsController#new as HTML
  Rendered posts/_form.html.erb (54.7ms)
  Rendered posts/new.html.erb within layouts/application (64.1ms)
Completed 200 OK in 283ms (Views: 199.1ms | ActiveRecord: 2.7ms)


Started GET "/assets/bootstrap/bootstrap.min.css?body=1" for 127.0.0.1 at 2012-11-28 18:00:39 -0800
Served asset /bootstrap/bootstrap.min.css - 304 Not Modified (14ms)


Started GET "/assets/bootstrap/bootstrap-responsive.min.css?body=1" for 127.0.0.1 at 2012-11-28 18:00:39 -0800
Served asset /bootstrap/bootstrap-responsive.min.css - 304 Not Modified (3ms)


Started GET "/assets/welcome.css?body=1" for 127.0.0.1 at 2012-11-28 18:00:39 -0800
Served asset /welcome.css - 304 Not Modified (3ms)


Started GET "/assets/fontawesome/font-awesome.css?body=1" for 127.0.0.1 at 2012-11-28 18:00:39 -0800
Served asset /fontawesome/font-awesome.css - 304 Not Modified (3ms)


Started GET "/assets/posts.css?body=1" for 127.0.0.1 at 2012-11-28 18:00:39 -0800
Served asset /posts.css - 304 Not Modified (16ms)


Started GET "/assets/application.css?body=1" for 127.0.0.1 at 2012-11-28 18:00:39 -0800
Served asset /application.css - 200 OK (17ms)


Started GET "/assets/jquery_ujs.js?body=1" for 127.0.0.1 at 2012-11-28 18:00:39 -0800
Served asset /jquery_ujs.js - 304 Not Modified (4ms)


Started GET "/assets/jquery.js?body=1" for 127.0.0.1 at 2012-11-28 18:00:39 -0800
Served asset /jquery.js - 304 Not Modified (12ms)


Started GET "/assets/angularjs/angular-1.0.1.min.js?body=1" for 127.0.0.1 at 2012-11-28 18:00:39 -0800
Served asset /angularjs/angular-1.0.1.min.js - 304 Not Modified (12ms)


Started GET "/assets/angularjs/angular-bootstrap-1.0.1.min.js?body=1" for 127.0.0.1 at 2012-11-28 18:00:39 -0800
Served asset /angularjs/angular-bootstrap-1.0.1.min.js - 304 Not Modified (8ms)


Started GET "/assets/angularjs/angular-bootstrap-prettify-1.0.1.min.js?body=1" for 127.0.0.1 at 2012-11-28 18:00:39 -0800
Served asset /angularjs/angular-bootstrap-prettify-1.0.1.min.js - 304 Not Modified (3ms)


Started GET "/assets/angularjs/angular-cookies-1.0.1.min.js?body=1" for 127.0.0.1 at 2012-11-28 18:00:39 -0800
Served asset /angularjs/angular-cookies-1.0.1.min.js - 304 Not Modified (6ms)


Started GET "/assets/angularjs/angular-loader-1.0.1.min.js?body=1" for 127.0.0.1 at 2012-11-28 18:00:39 -0800
Served asset /angularjs/angular-loader-1.0.1.min.js - 304 Not Modified (7ms)


Started GET "/assets/angularjs/angular-resource-1.0.1.min.js?body=1" for 127.0.0.1 at 2012-11-28 18:00:39 -0800
Served asset /angularjs/angular-resource-1.0.1.min.js - 304 Not Modified (4ms)


Started GET "/assets/angularjs/angular-sanitize-1.0.1.min.js?body=1" for 127.0.0.1 at 2012-11-28 18:00:39 -0800
Served asset /angularjs/angular-sanitize-1.0.1.min.js - 304 Not Modified (4ms)


Started GET "/assets/bootstrap/bootstrap.min.js?body=1" for 127.0.0.1 at 2012-11-28 18:00:39 -0800
Served asset /bootstrap/bootstrap.min.js - 304 Not Modified (3ms)


Started GET "/assets/routes.js?body=1" for 127.0.0.1 at 2012-11-28 18:00:39 -0800
Served asset /routes.js - 304 Not Modified (7ms)


Started GET "/assets/underscoree/underscore-min.js?body=1" for 127.0.0.1 at 2012-11-28 18:00:39 -0800
Served asset /underscoree/underscore-min.js - 304 Not Modified (4ms)


Started GET "/assets/posts.js?body=1" for 127.0.0.1 at 2012-11-28 18:00:39 -0800
Served asset /posts.js - 304 Not Modified (7ms)


Started GET "/assets/welcome.js?body=1" for 127.0.0.1 at 2012-11-28 18:00:39 -0800
Served asset /welcome.js - 304 Not Modified (3ms)


Started GET "/assets/posts_controller.js?body=1" for 127.0.0.1 at 2012-11-28 18:00:39 -0800
Served asset /posts_controller.js - 304 Not Modified (3ms)


Started GET "/assets/welcome_controller.js?body=1" for 127.0.0.1 at 2012-11-28 18:00:39 -0800
Served asset /welcome_controller.js - 304 Not Modified (3ms)


Started GET "/assets/application.js?body=1" for 127.0.0.1 at 2012-11-28 18:00:39 -0800
Served asset /application.js - 200 OK (100ms)


Started GET "/assets/posts/new.html" for 127.0.0.1 at 2012-11-28 18:00:39 -0800
Served asset /posts/new.html - 200 OK (24ms)


Started GET "/assets/img/glyphicons-halflings.png" for 127.0.0.1 at 2012-11-28 18:00:40 -0800
Served asset /img/glyphicons-halflings.png - 404 Not Found (10ms)

ActionController::RoutingError (No route matches [GET] "/assets/img/glyphicons-halflings.png"):
  actionpack (3.2.8) lib/action_dispatch/middleware/debug_exceptions.rb:21:in `call'
  actionpack (3.2.8) lib/action_dispatch/middleware/show_exceptions.rb:56:in `call'
  railties (3.2.8) lib/rails/rack/logger.rb:26:in `call_app'
  railties (3.2.8) lib/rails/rack/logger.rb:16:in `call'
  actionpack (3.2.8) lib/action_dispatch/middleware/request_id.rb:22:in `call'
  rack (1.4.1) lib/rack/methodoverride.rb:21:in `call'
  rack (1.4.1) lib/rack/runtime.rb:17:in `call'
  activesupport (3.2.8) lib/active_support/cache/strategy/local_cache.rb:72:in `call'
  rack (1.4.1) lib/rack/lock.rb:15:in `call'
  actionpack (3.2.8) lib/action_dispatch/middleware/static.rb:62:in `call'
  railties (3.2.8) lib/rails/engine.rb:479:in `call'
  railties (3.2.8) lib/rails/application.rb:223:in `call'
  rack (1.4.1) lib/rack/content_length.rb:14:in `call'
  railties (3.2.8) lib/rails/rack/log_tailer.rb:17:in `call'
  rack (1.4.1) lib/rack/handler/webrick.rb:59:in `service'
  /Users/brianwilkerson/.rvm/rubies/ruby-1.9.3-p286/lib/ruby/1.9.1/webrick/httpserver.rb:138:in `service'
  /Users/brianwilkerson/.rvm/rubies/ruby-1.9.3-p286/lib/ruby/1.9.1/webrick/httpserver.rb:94:in `run'
  /Users/brianwilkerson/.rvm/rubies/ruby-1.9.3-p286/lib/ruby/1.9.1/webrick/server.rb:191:in `block in start_thread'


  Rendered /Users/brianwilkerson/.bundler/gems/actionpack-3.2.8/lib/action_dispatch/middleware/templates/rescues/routing_error.erb within rescues/layout (1.1ms)


Started GET "/posts/images/favicon.ico" for 127.0.0.1 at 2012-11-28 18:00:40 -0800

ActionController::RoutingError (No route matches [GET] "/posts/images/favicon.ico"):
  actionpack (3.2.8) lib/action_dispatch/middleware/debug_exceptions.rb:21:in `call'
  actionpack (3.2.8) lib/action_dispatch/middleware/show_exceptions.rb:56:in `call'
  railties (3.2.8) lib/rails/rack/logger.rb:26:in `call_app'
  railties (3.2.8) lib/rails/rack/logger.rb:16:in `call'
  actionpack (3.2.8) lib/action_dispatch/middleware/request_id.rb:22:in `call'
  rack (1.4.1) lib/rack/methodoverride.rb:21:in `call'
  rack (1.4.1) lib/rack/runtime.rb:17:in `call'
  activesupport (3.2.8) lib/active_support/cache/strategy/local_cache.rb:72:in `call'
  rack (1.4.1) lib/rack/lock.rb:15:in `call'
  actionpack (3.2.8) lib/action_dispatch/middleware/static.rb:62:in `call'
  railties (3.2.8) lib/rails/engine.rb:479:in `call'
  railties (3.2.8) lib/rails/application.rb:223:in `call'
  rack (1.4.1) lib/rack/content_length.rb:14:in `call'
  railties (3.2.8) lib/rails/rack/log_tailer.rb:17:in `call'
  rack (1.4.1) lib/rack/handler/webrick.rb:59:in `service'
  /Users/brianwilkerson/.rvm/rubies/ruby-1.9.3-p286/lib/ruby/1.9.1/webrick/httpserver.rb:138:in `service'
  /Users/brianwilkerson/.rvm/rubies/ruby-1.9.3-p286/lib/ruby/1.9.1/webrick/httpserver.rb:94:in `run'
  /Users/brianwilkerson/.rvm/rubies/ruby-1.9.3-p286/lib/ruby/1.9.1/webrick/server.rb:191:in `block in start_thread'


  Rendered /Users/brianwilkerson/.bundler/gems/actionpack-3.2.8/lib/action_dispatch/middleware/templates/rescues/routing_error.erb within rescues/layout (1.1ms)


Started GET "/assets/fontawesome-webfont.woff" for 127.0.0.1 at 2012-11-28 18:00:40 -0800
Served asset /fontawesome-webfont.woff - 200 OK (10ms)


Started POST "/posts" for 127.0.0.1 at 2012-11-28 18:02:13 -0800
Processing by PostsController#create as JSON
  Parameters: {"title"=>"my first post", "body"=>"this is some stuff", "post"=>{"body"=>"this is some stuff", "title"=>"my first post"}}
WARNING: Can't verify CSRF token authenticity
  [1m[36m (0.2ms)[0m  [1mbegin transaction[0m
  [1m[35mSQL (71.6ms)[0m  INSERT INTO "posts" ("body", "created_at", "title", "updated_at") VALUES (?, ?, ?, ?)  [["body", "this is some stuff"], ["created_at", Thu, 29 Nov 2012 02:02:13 UTC +00:00], ["title", "my first post"], ["updated_at", Thu, 29 Nov 2012 02:02:13 UTC +00:00]]
  [1m[36m (2.8ms)[0m  [1mcommit transaction[0m
Completed 201 Created in 83ms (Views: 1.7ms | ActiveRecord: 74.5ms)


Started GET "/assets/posts/edit.html" for 127.0.0.1 at 2012-11-28 18:02:13 -0800
Served asset /posts/edit.html - 200 OK (10ms)


Started GET "/posts/1" for 127.0.0.1 at 2012-11-28 18:02:13 -0800
Processing by PostsController#show as JSON
  Parameters: {"id"=>"1"}
  [1m[35mPost Load (0.4ms)[0m  SELECT "posts".* FROM "posts" WHERE "posts"."id" = ? LIMIT 1  [["id", "1"]]
Completed 200 OK in 5ms (Views: 1.0ms | ActiveRecord: 0.4ms)


Started GET "/posts/1/images/favicon.ico" for 127.0.0.1 at 2012-11-28 18:02:13 -0800

ActionController::RoutingError (No route matches [GET] "/posts/1/images/favicon.ico"):
  actionpack (3.2.8) lib/action_dispatch/middleware/debug_exceptions.rb:21:in `call'
  actionpack (3.2.8) lib/action_dispatch/middleware/show_exceptions.rb:56:in `call'
  railties (3.2.8) lib/rails/rack/logger.rb:26:in `call_app'
  railties (3.2.8) lib/rails/rack/logger.rb:16:in `call'
  actionpack (3.2.8) lib/action_dispatch/middleware/request_id.rb:22:in `call'
  rack (1.4.1) lib/rack/methodoverride.rb:21:in `call'
  rack (1.4.1) lib/rack/runtime.rb:17:in `call'
  activesupport (3.2.8) lib/active_support/cache/strategy/local_cache.rb:72:in `call'
  rack (1.4.1) lib/rack/lock.rb:15:in `call'
  actionpack (3.2.8) lib/action_dispatch/middleware/static.rb:62:in `call'
  railties (3.2.8) lib/rails/engine.rb:479:in `call'
  railties (3.2.8) lib/rails/application.rb:223:in `call'
  rack (1.4.1) lib/rack/content_length.rb:14:in `call'
  railties (3.2.8) lib/rails/rack/log_tailer.rb:17:in `call'
  rack (1.4.1) lib/rack/handler/webrick.rb:59:in `service'
  /Users/brianwilkerson/.rvm/rubies/ruby-1.9.3-p286/lib/ruby/1.9.1/webrick/httpserver.rb:138:in `service'
  /Users/brianwilkerson/.rvm/rubies/ruby-1.9.3-p286/lib/ruby/1.9.1/webrick/httpserver.rb:94:in `run'
  /Users/brianwilkerson/.rvm/rubies/ruby-1.9.3-p286/lib/ruby/1.9.1/webrick/server.rb:191:in `block in start_thread'


  Rendered /Users/brianwilkerson/.bundler/gems/actionpack-3.2.8/lib/action_dispatch/middleware/templates/rescues/routing_error.erb within rescues/layout (1.8ms)


Started GET "/assets/posts/index.html" for 127.0.0.1 at 2012-11-28 18:02:28 -0800
Served asset /posts/index.html - 200 OK (16ms)


Started GET "/images/favicon.ico" for 127.0.0.1 at 2012-11-28 18:02:28 -0800

ActionController::RoutingError (No route matches [GET] "/images/favicon.ico"):
  actionpack (3.2.8) lib/action_dispatch/middleware/debug_exceptions.rb:21:in `call'
  actionpack (3.2.8) lib/action_dispatch/middleware/show_exceptions.rb:56:in `call'
  railties (3.2.8) lib/rails/rack/logger.rb:26:in `call_app'
  railties (3.2.8) lib/rails/rack/logger.rb:16:in `call'
  actionpack (3.2.8) lib/action_dispatch/middleware/request_id.rb:22:in `call'
  rack (1.4.1) lib/rack/methodoverride.rb:21:in `call'
  rack (1.4.1) lib/rack/runtime.rb:17:in `call'
  activesupport (3.2.8) lib/active_support/cache/strategy/local_cache.rb:72:in `call'
  rack (1.4.1) lib/rack/lock.rb:15:in `call'
  actionpack (3.2.8) lib/action_dispatch/middleware/static.rb:62:in `call'
  railties (3.2.8) lib/rails/engine.rb:479:in `call'
  railties (3.2.8) lib/rails/application.rb:223:in `call'
  rack (1.4.1) lib/rack/content_length.rb:14:in `call'
  railties (3.2.8) lib/rails/rack/log_tailer.rb:17:in `call'
  rack (1.4.1) lib/rack/handler/webrick.rb:59:in `service'
  /Users/brianwilkerson/.rvm/rubies/ruby-1.9.3-p286/lib/ruby/1.9.1/webrick/httpserver.rb:138:in `service'
  /Users/brianwilkerson/.rvm/rubies/ruby-1.9.3-p286/lib/ruby/1.9.1/webrick/httpserver.rb:94:in `run'
  /Users/brianwilkerson/.rvm/rubies/ruby-1.9.3-p286/lib/ruby/1.9.1/webrick/server.rb:191:in `block in start_thread'


  Rendered /Users/brianwilkerson/.bundler/gems/actionpack-3.2.8/lib/action_dispatch/middleware/templates/rescues/routing_error.erb within rescues/layout (1.2ms)


Started GET "/posts" for 127.0.0.1 at 2012-11-28 18:02:28 -0800
Processing by PostsController#index as JSON
  [1m[36mPost Load (0.2ms)[0m  [1mSELECT "posts".* FROM "posts" [0m
Completed 200 OK in 3ms (Views: 1.0ms | ActiveRecord: 0.2ms)


Started GET "/posts/1" for 127.0.0.1 at 2012-11-28 18:02:35 -0800
Processing by PostsController#show as JSON
  Parameters: {"id"=>"1"}
  [1m[35mPost Load (0.2ms)[0m  SELECT "posts".* FROM "posts" WHERE "posts"."id" = ? LIMIT 1  [["id", "1"]]
Completed 200 OK in 3ms (Views: 1.0ms | ActiveRecord: 0.2ms)


Started GET "/posts/1/images/favicon.ico" for 127.0.0.1 at 2012-11-28 18:02:35 -0800

ActionController::RoutingError (No route matches [GET] "/posts/1/images/favicon.ico"):
  actionpack (3.2.8) lib/action_dispatch/middleware/debug_exceptions.rb:21:in `call'
  actionpack (3.2.8) lib/action_dispatch/middleware/show_exceptions.rb:56:in `call'
  railties (3.2.8) lib/rails/rack/logger.rb:26:in `call_app'
  railties (3.2.8) lib/rails/rack/logger.rb:16:in `call'
  actionpack (3.2.8) lib/action_dispatch/middleware/request_id.rb:22:in `call'
  rack (1.4.1) lib/rack/methodoverride.rb:21:in `call'
  rack (1.4.1) lib/rack/runtime.rb:17:in `call'
  activesupport (3.2.8) lib/active_support/cache/strategy/local_cache.rb:72:in `call'
  rack (1.4.1) lib/rack/lock.rb:15:in `call'
  actionpack (3.2.8) lib/action_dispatch/middleware/static.rb:62:in `call'
  railties (3.2.8) lib/rails/engine.rb:479:in `call'
  railties (3.2.8) lib/rails/application.rb:223:in `call'
  rack (1.4.1) lib/rack/content_length.rb:14:in `call'
  railties (3.2.8) lib/rails/rack/log_tailer.rb:17:in `call'
  rack (1.4.1) lib/rack/handler/webrick.rb:59:in `service'
  /Users/brianwilkerson/.rvm/rubies/ruby-1.9.3-p286/lib/ruby/1.9.1/webrick/httpserver.rb:138:in `service'
  /Users/brianwilkerson/.rvm/rubies/ruby-1.9.3-p286/lib/ruby/1.9.1/webrick/httpserver.rb:94:in `run'
  /Users/brianwilkerson/.rvm/rubies/ruby-1.9.3-p286/lib/ruby/1.9.1/webrick/server.rb:191:in `block in start_thread'


  Rendered /Users/brianwilkerson/.bundler/gems/actionpack-3.2.8/lib/action_dispatch/middleware/templates/rescues/routing_error.erb within rescues/layout (1.0ms)


Started DELETE "/posts/1" for 127.0.0.1 at 2012-11-28 18:02:44 -0800
Processing by PostsController#destroy as JSON
  Parameters: {"id"=>"1"}
WARNING: Can't verify CSRF token authenticity
  [1m[36mPost Load (0.4ms)[0m  [1mSELECT "posts".* FROM "posts" WHERE "posts"."id" = ? LIMIT 1[0m  [["id", "1"]]
  [1m[35m (0.1ms)[0m  begin transaction
  [1m[36mSQL (0.5ms)[0m  [1mDELETE FROM "posts" WHERE "posts"."id" = ?[0m  [["id", 1]]
  [1m[35m (1.3ms)[0m  commit transaction
Completed 204 No Content in 7ms (ActiveRecord: 2.3ms)


Started GET "/posts" for 127.0.0.1 at 2012-11-28 18:02:44 -0800
Processing by PostsController#index as JSON
  [1m[36mPost Load (0.2ms)[0m  [1mSELECT "posts".* FROM "posts" [0m
Completed 200 OK in 2ms (Views: 0.2ms | ActiveRecord: 0.2ms)


Started GET "/images/favicon.ico" for 127.0.0.1 at 2012-11-28 18:02:44 -0800

ActionController::RoutingError (No route matches [GET] "/images/favicon.ico"):
  actionpack (3.2.8) lib/action_dispatch/middleware/debug_exceptions.rb:21:in `call'
  actionpack (3.2.8) lib/action_dispatch/middleware/show_exceptions.rb:56:in `call'
  railties (3.2.8) lib/rails/rack/logger.rb:26:in `call_app'
  railties (3.2.8) lib/rails/rack/logger.rb:16:in `call'
  actionpack (3.2.8) lib/action_dispatch/middleware/request_id.rb:22:in `call'
  rack (1.4.1) lib/rack/methodoverride.rb:21:in `call'
  rack (1.4.1) lib/rack/runtime.rb:17:in `call'
  activesupport (3.2.8) lib/active_support/cache/strategy/local_cache.rb:72:in `call'
  rack (1.4.1) lib/rack/lock.rb:15:in `call'
  actionpack (3.2.8) lib/action_dispatch/middleware/static.rb:62:in `call'
  railties (3.2.8) lib/rails/engine.rb:479:in `call'
  railties (3.2.8) lib/rails/application.rb:223:in `call'
  rack (1.4.1) lib/rack/content_length.rb:14:in `call'
  railties (3.2.8) lib/rails/rack/log_tailer.rb:17:in `call'
  rack (1.4.1) lib/rack/handler/webrick.rb:59:in `service'
  /Users/brianwilkerson/.rvm/rubies/ruby-1.9.3-p286/lib/ruby/1.9.1/webrick/httpserver.rb:138:in `service'
  /Users/brianwilkerson/.rvm/rubies/ruby-1.9.3-p286/lib/ruby/1.9.1/webrick/httpserver.rb:94:in `run'
  /Users/brianwilkerson/.rvm/rubies/ruby-1.9.3-p286/lib/ruby/1.9.1/webrick/server.rb:191:in `block in start_thread'


  Rendered /Users/brianwilkerson/.bundler/gems/actionpack-3.2.8/lib/action_dispatch/middleware/templates/rescues/routing_error.erb within rescues/layout (1.1ms)


Started GET "/posts/images/favicon.ico" for 127.0.0.1 at 2012-11-28 18:02:47 -0800

ActionController::RoutingError (No route matches [GET] "/posts/images/favicon.ico"):
  actionpack (3.2.8) lib/action_dispatch/middleware/debug_exceptions.rb:21:in `call'
  actionpack (3.2.8) lib/action_dispatch/middleware/show_exceptions.rb:56:in `call'
  railties (3.2.8) lib/rails/rack/logger.rb:26:in `call_app'
  railties (3.2.8) lib/rails/rack/logger.rb:16:in `call'
  actionpack (3.2.8) lib/action_dispatch/middleware/request_id.rb:22:in `call'
  rack (1.4.1) lib/rack/methodoverride.rb:21:in `call'
  rack (1.4.1) lib/rack/runtime.rb:17:in `call'
  activesupport (3.2.8) lib/active_support/cache/strategy/local_cache.rb:72:in `call'
  rack (1.4.1) lib/rack/lock.rb:15:in `call'
  actionpack (3.2.8) lib/action_dispatch/middleware/static.rb:62:in `call'
  railties (3.2.8) lib/rails/engine.rb:479:in `call'
  railties (3.2.8) lib/rails/application.rb:223:in `call'
  rack (1.4.1) lib/rack/content_length.rb:14:in `call'
  railties (3.2.8) lib/rails/rack/log_tailer.rb:17:in `call'
  rack (1.4.1) lib/rack/handler/webrick.rb:59:in `service'
  /Users/brianwilkerson/.rvm/rubies/ruby-1.9.3-p286/lib/ruby/1.9.1/webrick/httpserver.rb:138:in `service'
  /Users/brianwilkerson/.rvm/rubies/ruby-1.9.3-p286/lib/ruby/1.9.1/webrick/httpserver.rb:94:in `run'
  /Users/brianwilkerson/.rvm/rubies/ruby-1.9.3-p286/lib/ruby/1.9.1/webrick/server.rb:191:in `block in start_thread'


  Rendered /Users/brianwilkerson/.bundler/gems/actionpack-3.2.8/lib/action_dispatch/middleware/templates/rescues/routing_error.erb within rescues/layout (1.0ms)


Started GET "/posts" for 127.0.0.1 at 2012-11-28 18:07:23 -0800
Processing by PostsController#index as JSON
  [1m[35mPost Load (0.2ms)[0m  SELECT "posts".* FROM "posts" 
Completed 200 OK in 3ms (Views: 0.2ms | ActiveRecord: 0.2ms)


Started GET "/images/favicon.ico" for 127.0.0.1 at 2012-11-28 18:07:23 -0800

ActionController::RoutingError (No route matches [GET] "/images/favicon.ico"):
  actionpack (3.2.8) lib/action_dispatch/middleware/debug_exceptions.rb:21:in `call'
  actionpack (3.2.8) lib/action_dispatch/middleware/show_exceptions.rb:56:in `call'
  railties (3.2.8) lib/rails/rack/logger.rb:26:in `call_app'
  railties (3.2.8) lib/rails/rack/logger.rb:16:in `call'
  actionpack (3.2.8) lib/action_dispatch/middleware/request_id.rb:22:in `call'
  rack (1.4.1) lib/rack/methodoverride.rb:21:in `call'
  rack (1.4.1) lib/rack/runtime.rb:17:in `call'
  activesupport (3.2.8) lib/active_support/cache/strategy/local_cache.rb:72:in `call'
  rack (1.4.1) lib/rack/lock.rb:15:in `call'
  actionpack (3.2.8) lib/action_dispatch/middleware/static.rb:62:in `call'
  railties (3.2.8) lib/rails/engine.rb:479:in `call'
  railties (3.2.8) lib/rails/application.rb:223:in `call'
  rack (1.4.1) lib/rack/content_length.rb:14:in `call'
  railties (3.2.8) lib/rails/rack/log_tailer.rb:17:in `call'
  rack (1.4.1) lib/rack/handler/webrick.rb:59:in `service'
  /Users/brianwilkerson/.rvm/rubies/ruby-1.9.3-p286/lib/ruby/1.9.1/webrick/httpserver.rb:138:in `service'
  /Users/brianwilkerson/.rvm/rubies/ruby-1.9.3-p286/lib/ruby/1.9.1/webrick/httpserver.rb:94:in `run'
  /Users/brianwilkerson/.rvm/rubies/ruby-1.9.3-p286/lib/ruby/1.9.1/webrick/server.rb:191:in `block in start_thread'


  Rendered /Users/brianwilkerson/.bundler/gems/actionpack-3.2.8/lib/action_dispatch/middleware/templates/rescues/routing_error.erb within rescues/layout (1.0ms)


Started GET "/" for 127.0.0.1 at 2012-11-29 15:21:10 -0800
Connecting to database specified by database.yml
Processing by WelcomeController#index as HTML
  Rendered welcome/index.html.erb within layouts/application (3.3ms)
Completed 200 OK in 262ms (Views: 261.2ms | ActiveRecord: 0.0ms)


Started GET "/" for 127.0.0.1 at 2012-11-29 15:21:11 -0800
Processing by WelcomeController#index as HTML
  Rendered welcome/index.html.erb within layouts/application (0.1ms)
Completed 200 OK in 27ms (Views: 26.4ms | ActiveRecord: 0.0ms)


Started GET "/assets/bootstrap/bootstrap.min.css?body=1" for 127.0.0.1 at 2012-11-29 15:21:11 -0800
Served asset /bootstrap/bootstrap.min.css - 304 Not Modified (5ms)


Started GET "/assets/bootstrap/bootstrap-responsive.min.css?body=1" for 127.0.0.1 at 2012-11-29 15:21:11 -0800
Served asset /bootstrap/bootstrap-responsive.min.css - 304 Not Modified (6ms)


Started GET "/assets/fontawesome/font-awesome.css?body=1" for 127.0.0.1 at 2012-11-29 15:21:11 -0800
Served asset /fontawesome/font-awesome.css - 304 Not Modified (14ms)


Started GET "/assets/posts.css?body=1" for 127.0.0.1 at 2012-11-29 15:21:11 -0800
Served asset /posts.css - 304 Not Modified (4ms)


Started GET "/assets/application.css?body=1" for 127.0.0.1 at 2012-11-29 15:21:11 -0800
Served asset /application.css - 200 OK (30ms)


Started GET "/assets/welcome.css?body=1" for 127.0.0.1 at 2012-11-29 15:21:11 -0800
Served asset /welcome.css - 304 Not Modified (3ms)


Started GET "/assets/jquery.js?body=1" for 127.0.0.1 at 2012-11-29 15:21:11 -0800
Served asset /jquery.js - 200 OK (7ms)


Started GET "/assets/jquery_ujs.js?body=1" for 127.0.0.1 at 2012-11-29 15:21:11 -0800
Served asset /jquery_ujs.js - 304 Not Modified (6ms)


Started GET "/assets/angularjs/angular-1.0.1.min.js?body=1" for 127.0.0.1 at 2012-11-29 15:21:11 -0800
Served asset /angularjs/angular-1.0.1.min.js - 304 Not Modified (3ms)


Started GET "/assets/angularjs/angular-bootstrap-1.0.1.min.js?body=1" for 127.0.0.1 at 2012-11-29 15:21:11 -0800
Served asset /angularjs/angular-bootstrap-1.0.1.min.js - 304 Not Modified (3ms)


Started GET "/assets/angularjs/angular-bootstrap-prettify-1.0.1.min.js?body=1" for 127.0.0.1 at 2012-11-29 15:21:11 -0800
Served asset /angularjs/angular-bootstrap-prettify-1.0.1.min.js - 304 Not Modified (5ms)


Started GET "/assets/angularjs/angular-cookies-1.0.1.min.js?body=1" for 127.0.0.1 at 2012-11-29 15:21:11 -0800
Served asset /angularjs/angular-cookies-1.0.1.min.js - 304 Not Modified (54ms)


Started GET "/assets/angularjs/angular-resource-1.0.1.min.js?body=1" for 127.0.0.1 at 2012-11-29 15:21:12 -0800
Served asset /angularjs/angular-resource-1.0.1.min.js - 304 Not Modified (3ms)


Started GET "/assets/angularjs/angular-loader-1.0.1.min.js?body=1" for 127.0.0.1 at 2012-11-29 15:21:12 -0800
Served asset /angularjs/angular-loader-1.0.1.min.js - 304 Not Modified (3ms)


Started GET "/assets/angularjs/angular-sanitize-1.0.1.min.js?body=1" for 127.0.0.1 at 2012-11-29 15:21:12 -0800
Served asset /angularjs/angular-sanitize-1.0.1.min.js - 304 Not Modified (3ms)


Started GET "/assets/bootstrap/bootstrap.min.js?body=1" for 127.0.0.1 at 2012-11-29 15:21:12 -0800
Served asset /bootstrap/bootstrap.min.js - 304 Not Modified (3ms)


Started GET "/assets/posts.js?body=1" for 127.0.0.1 at 2012-11-29 15:21:12 -0800
Served asset /posts.js - 304 Not Modified (6ms)


Started GET "/assets/routes.js?body=1" for 127.0.0.1 at 2012-11-29 15:21:12 -0800
Served asset /routes.js - 304 Not Modified (14ms)


Started GET "/assets/underscoree/underscore-min.js?body=1" for 127.0.0.1 at 2012-11-29 15:21:12 -0800
Served asset /underscoree/underscore-min.js - 304 Not Modified (3ms)


Started GET "/assets/posts_controller.js?body=1" for 127.0.0.1 at 2012-11-29 15:21:12 -0800
Served asset /posts_controller.js - 304 Not Modified (3ms)


Started GET "/assets/welcome_controller.js?body=1" for 127.0.0.1 at 2012-11-29 15:21:12 -0800
Served asset /welcome_controller.js - 304 Not Modified (23ms)


Started GET "/assets/welcome.js?body=1" for 127.0.0.1 at 2012-11-29 15:21:12 -0800
Served asset /welcome.js - 304 Not Modified (3ms)


Started GET "/assets/application.js?body=1" for 127.0.0.1 at 2012-11-29 15:21:12 -0800
Served asset /application.js - 200 OK (35ms)


Started GET "/assets/welcome/index.html" for 127.0.0.1 at 2012-11-29 15:21:12 -0800
Served asset /welcome/index.html - 304 Not Modified (3ms)


Started GET "/assets/AngularJS-medium.png" for 127.0.0.1 at 2012-11-29 15:21:12 -0800
Served asset /AngularJS-medium.png - 304 Not Modified (2ms)


Started GET "/images/favicon.ico" for 127.0.0.1 at 2012-11-29 15:21:12 -0800

ActionController::RoutingError (No route matches [GET] "/images/favicon.ico"):
  actionpack (3.2.8) lib/action_dispatch/middleware/debug_exceptions.rb:21:in `call'
  actionpack (3.2.8) lib/action_dispatch/middleware/show_exceptions.rb:56:in `call'
  railties (3.2.8) lib/rails/rack/logger.rb:26:in `call_app'
  railties (3.2.8) lib/rails/rack/logger.rb:16:in `call'
  actionpack (3.2.8) lib/action_dispatch/middleware/request_id.rb:22:in `call'
  rack (1.4.1) lib/rack/methodoverride.rb:21:in `call'
  rack (1.4.1) lib/rack/runtime.rb:17:in `call'
  activesupport (3.2.8) lib/active_support/cache/strategy/local_cache.rb:72:in `call'
  rack (1.4.1) lib/rack/lock.rb:15:in `call'
  actionpack (3.2.8) lib/action_dispatch/middleware/static.rb:62:in `call'
  railties (3.2.8) lib/rails/engine.rb:479:in `call'
  railties (3.2.8) lib/rails/application.rb:223:in `call'
  rack (1.4.1) lib/rack/content_length.rb:14:in `call'
  railties (3.2.8) lib/rails/rack/log_tailer.rb:17:in `call'
  rack (1.4.1) lib/rack/handler/webrick.rb:59:in `service'
  /Users/brianwilkerson/.rvm/rubies/ruby-1.9.3-p286/lib/ruby/1.9.1/webrick/httpserver.rb:138:in `service'
  /Users/brianwilkerson/.rvm/rubies/ruby-1.9.3-p286/lib/ruby/1.9.1/webrick/httpserver.rb:94:in `run'
  /Users/brianwilkerson/.rvm/rubies/ruby-1.9.3-p286/lib/ruby/1.9.1/webrick/server.rb:191:in `block in start_thread'


  Rendered /Users/brianwilkerson/.bundler/gems/actionpack-3.2.8/lib/action_dispatch/middleware/templates/rescues/routing_error.erb within rescues/layout (1.1ms)


Started GET "/assets/AngularJS-medium.png" for 127.0.0.1 at 2012-11-29 15:21:28 -0800
Served asset /AngularJS-medium.png - 304 Not Modified (0ms)


Started GET "/images/favicon.ico" for 127.0.0.1 at 2012-11-29 15:21:28 -0800

ActionController::RoutingError (No route matches [GET] "/images/favicon.ico"):
  actionpack (3.2.8) lib/action_dispatch/middleware/debug_exceptions.rb:21:in `call'
  actionpack (3.2.8) lib/action_dispatch/middleware/show_exceptions.rb:56:in `call'
  railties (3.2.8) lib/rails/rack/logger.rb:26:in `call_app'
  railties (3.2.8) lib/rails/rack/logger.rb:16:in `call'
  actionpack (3.2.8) lib/action_dispatch/middleware/request_id.rb:22:in `call'
  rack (1.4.1) lib/rack/methodoverride.rb:21:in `call'
  rack (1.4.1) lib/rack/runtime.rb:17:in `call'
  activesupport (3.2.8) lib/active_support/cache/strategy/local_cache.rb:72:in `call'
  rack (1.4.1) lib/rack/lock.rb:15:in `call'
  actionpack (3.2.8) lib/action_dispatch/middleware/static.rb:62:in `call'
  railties (3.2.8) lib/rails/engine.rb:479:in `call'
  railties (3.2.8) lib/rails/application.rb:223:in `call'
  rack (1.4.1) lib/rack/content_length.rb:14:in `call'
  railties (3.2.8) lib/rails/rack/log_tailer.rb:17:in `call'
  rack (1.4.1) lib/rack/handler/webrick.rb:59:in `service'
  /Users/brianwilkerson/.rvm/rubies/ruby-1.9.3-p286/lib/ruby/1.9.1/webrick/httpserver.rb:138:in `service'
  /Users/brianwilkerson/.rvm/rubies/ruby-1.9.3-p286/lib/ruby/1.9.1/webrick/httpserver.rb:94:in `run'
  /Users/brianwilkerson/.rvm/rubies/ruby-1.9.3-p286/lib/ruby/1.9.1/webrick/server.rb:191:in `block in start_thread'


  Rendered /Users/brianwilkerson/.bundler/gems/actionpack-3.2.8/lib/action_dispatch/middleware/templates/rescues/routing_error.erb within rescues/layout (1.1ms)


Started GET "/assets/AngularJS-medium.png" for 127.0.0.1 at 2012-11-29 15:21:29 -0800
Served asset /AngularJS-medium.png - 304 Not Modified (0ms)


Started GET "/images/favicon.ico" for 127.0.0.1 at 2012-11-29 15:21:29 -0800

ActionController::RoutingError (No route matches [GET] "/images/favicon.ico"):
  actionpack (3.2.8) lib/action_dispatch/middleware/debug_exceptions.rb:21:in `call'
  actionpack (3.2.8) lib/action_dispatch/middleware/show_exceptions.rb:56:in `call'
  railties (3.2.8) lib/rails/rack/logger.rb:26:in `call_app'
  railties (3.2.8) lib/rails/rack/logger.rb:16:in `call'
  actionpack (3.2.8) lib/action_dispatch/middleware/request_id.rb:22:in `call'
  rack (1.4.1) lib/rack/methodoverride.rb:21:in `call'
  rack (1.4.1) lib/rack/runtime.rb:17:in `call'
  activesupport (3.2.8) lib/active_support/cache/strategy/local_cache.rb:72:in `call'
  rack (1.4.1) lib/rack/lock.rb:15:in `call'
  actionpack (3.2.8) lib/action_dispatch/middleware/static.rb:62:in `call'
  railties (3.2.8) lib/rails/engine.rb:479:in `call'
  railties (3.2.8) lib/rails/application.rb:223:in `call'
  rack (1.4.1) lib/rack/content_length.rb:14:in `call'
  railties (3.2.8) lib/rails/rack/log_tailer.rb:17:in `call'
  rack (1.4.1) lib/rack/handler/webrick.rb:59:in `service'
  /Users/brianwilkerson/.rvm/rubies/ruby-1.9.3-p286/lib/ruby/1.9.1/webrick/httpserver.rb:138:in `service'
  /Users/brianwilkerson/.rvm/rubies/ruby-1.9.3-p286/lib/ruby/1.9.1/webrick/httpserver.rb:94:in `run'
  /Users/brianwilkerson/.rvm/rubies/ruby-1.9.3-p286/lib/ruby/1.9.1/webrick/server.rb:191:in `block in start_thread'


  Rendered /Users/brianwilkerson/.bundler/gems/actionpack-3.2.8/lib/action_dispatch/middleware/templates/rescues/routing_error.erb within rescues/layout (1.0ms)


Started GET "/posts" for 127.0.0.1 at 2012-11-29 15:22:04 -0800
Processing by PostsController#index as HTML
  [1m[36mPost Load (20.8ms)[0m  [1mSELECT "posts".* FROM "posts" [0m
  Rendered posts/index.html.erb within layouts/application (2.4ms)
Completed 200 OK in 193ms (Views: 40.4ms | ActiveRecord: 23.6ms)


Started GET "/assets/bootstrap/bootstrap.min.css?body=1" for 127.0.0.1 at 2012-11-29 15:22:05 -0800
Served asset /bootstrap/bootstrap.min.css - 304 Not Modified (0ms)


Started GET "/assets/jquery.js?body=1" for 127.0.0.1 at 2012-11-29 15:22:05 -0800
Served asset /jquery.js - 304 Not Modified (0ms)


Started GET "/assets/welcome.css?body=1" for 127.0.0.1 at 2012-11-29 15:22:05 -0800
Served asset /welcome.css - 304 Not Modified (0ms)


Started GET "/assets/posts.css?body=1" for 127.0.0.1 at 2012-11-29 15:22:05 -0800
Served asset /posts.css - 304 Not Modified (0ms)


Started GET "/assets/fontawesome/font-awesome.css?body=1" for 127.0.0.1 at 2012-11-29 15:22:05 -0800
Served asset /fontawesome/font-awesome.css - 304 Not Modified (0ms)


Started GET "/assets/bootstrap/bootstrap-responsive.min.css?body=1" for 127.0.0.1 at 2012-11-29 15:22:05 -0800
Served asset /bootstrap/bootstrap-responsive.min.css - 304 Not Modified (0ms)


Started GET "/assets/angularjs/angular-bootstrap-prettify-1.0.1.min.js?body=1" for 127.0.0.1 at 2012-11-29 15:22:05 -0800
Served asset /angularjs/angular-bootstrap-prettify-1.0.1.min.js - 304 Not Modified (0ms)


Started GET "/assets/angularjs/angular-1.0.1.min.js?body=1" for 127.0.0.1 at 2012-11-29 15:22:05 -0800
Served asset /angularjs/angular-1.0.1.min.js - 304 Not Modified (0ms)


Started GET "/assets/angularjs/angular-bootstrap-1.0.1.min.js?body=1" for 127.0.0.1 at 2012-11-29 15:22:05 -0800
Served asset /angularjs/angular-bootstrap-1.0.1.min.js - 304 Not Modified (0ms)


Started GET "/assets/angularjs/angular-cookies-1.0.1.min.js?body=1" for 127.0.0.1 at 2012-11-29 15:22:05 -0800
Served asset /angularjs/angular-cookies-1.0.1.min.js - 304 Not Modified (0ms)


Started GET "/assets/jquery_ujs.js?body=1" for 127.0.0.1 at 2012-11-29 15:22:05 -0800
Served asset /jquery_ujs.js - 304 Not Modified (0ms)


Started GET "/assets/angularjs/angular-resource-1.0.1.min.js?body=1" for 127.0.0.1 at 2012-11-29 15:22:05 -0800
Served asset /angularjs/angular-resource-1.0.1.min.js - 304 Not Modified (0ms)


Started GET "/assets/angularjs/angular-sanitize-1.0.1.min.js?body=1" for 127.0.0.1 at 2012-11-29 15:22:05 -0800
Served asset /angularjs/angular-sanitize-1.0.1.min.js - 304 Not Modified (0ms)


Started GET "/assets/angularjs/angular-loader-1.0.1.min.js?body=1" for 127.0.0.1 at 2012-11-29 15:22:05 -0800
Served asset /angularjs/angular-loader-1.0.1.min.js - 304 Not Modified (0ms)


Started GET "/assets/bootstrap/bootstrap.min.js?body=1" for 127.0.0.1 at 2012-11-29 15:22:05 -0800
Served asset /bootstrap/bootstrap.min.js - 304 Not Modified (0ms)


Started GET "/assets/posts_controller.js?body=1" for 127.0.0.1 at 2012-11-29 15:22:05 -0800
Served asset /posts_controller.js - 304 Not Modified (0ms)


Started GET "/assets/posts.js?body=1" for 127.0.0.1 at 2012-11-29 15:22:05 -0800
Served asset /posts.js - 304 Not Modified (0ms)


Started GET "/assets/underscoree/underscore-min.js?body=1" for 127.0.0.1 at 2012-11-29 15:22:05 -0800
Served asset /underscoree/underscore-min.js - 304 Not Modified (0ms)


Started GET "/assets/welcome.js?body=1" for 127.0.0.1 at 2012-11-29 15:22:05 -0800
Served asset /welcome.js - 304 Not Modified (0ms)


Started GET "/assets/welcome_controller.js?body=1" for 127.0.0.1 at 2012-11-29 15:22:05 -0800
Served asset /welcome_controller.js - 304 Not Modified (0ms)


Started GET "/assets/routes.js?body=1" for 127.0.0.1 at 2012-11-29 15:22:05 -0800
Served asset /routes.js - 304 Not Modified (0ms)


Started GET "/assets/posts/index.html" for 127.0.0.1 at 2012-11-29 15:22:05 -0800
Served asset /posts/index.html - 304 Not Modified (3ms)


Started GET "/posts" for 127.0.0.1 at 2012-11-29 15:22:05 -0800
Processing by PostsController#index as JSON
  [1m[35mPost Load (0.2ms)[0m  SELECT "posts".* FROM "posts" 
Completed 200 OK in 2ms (Views: 0.2ms | ActiveRecord: 0.2ms)


Started GET "/assets/img/glyphicons-halflings.png" for 127.0.0.1 at 2012-11-29 15:22:05 -0800
Served asset /img/glyphicons-halflings.png - 404 Not Found (12ms)

ActionController::RoutingError (No route matches [GET] "/assets/img/glyphicons-halflings.png"):
  actionpack (3.2.8) lib/action_dispatch/middleware/debug_exceptions.rb:21:in `call'
  actionpack (3.2.8) lib/action_dispatch/middleware/show_exceptions.rb:56:in `call'
  railties (3.2.8) lib/rails/rack/logger.rb:26:in `call_app'
  railties (3.2.8) lib/rails/rack/logger.rb:16:in `call'
  actionpack (3.2.8) lib/action_dispatch/middleware/request_id.rb:22:in `call'
  rack (1.4.1) lib/rack/methodoverride.rb:21:in `call'
  rack (1.4.1) lib/rack/runtime.rb:17:in `call'
  activesupport (3.2.8) lib/active_support/cache/strategy/local_cache.rb:72:in `call'
  rack (1.4.1) lib/rack/lock.rb:15:in `call'
  actionpack (3.2.8) lib/action_dispatch/middleware/static.rb:62:in `call'
  railties (3.2.8) lib/rails/engine.rb:479:in `call'
  railties (3.2.8) lib/rails/application.rb:223:in `call'
  rack (1.4.1) lib/rack/content_length.rb:14:in `call'
  railties (3.2.8) lib/rails/rack/log_tailer.rb:17:in `call'
  rack (1.4.1) lib/rack/handler/webrick.rb:59:in `service'
  /Users/brianwilkerson/.rvm/rubies/ruby-1.9.3-p286/lib/ruby/1.9.1/webrick/httpserver.rb:138:in `service'
  /Users/brianwilkerson/.rvm/rubies/ruby-1.9.3-p286/lib/ruby/1.9.1/webrick/httpserver.rb:94:in `run'
  /Users/brianwilkerson/.rvm/rubies/ruby-1.9.3-p286/lib/ruby/1.9.1/webrick/server.rb:191:in `block in start_thread'


  Rendered /Users/brianwilkerson/.bundler/gems/actionpack-3.2.8/lib/action_dispatch/middleware/templates/rescues/routing_error.erb within rescues/layout (1.1ms)


Started GET "/assets/fontawesome-webfont.woff" for 127.0.0.1 at 2012-11-29 15:22:05 -0800
Served asset /fontawesome-webfont.woff - 304 Not Modified (33ms)


Started GET "/images/favicon.ico" for 127.0.0.1 at 2012-11-29 15:22:06 -0800

ActionController::RoutingError (No route matches [GET] "/images/favicon.ico"):
  actionpack (3.2.8) lib/action_dispatch/middleware/debug_exceptions.rb:21:in `call'
  actionpack (3.2.8) lib/action_dispatch/middleware/show_exceptions.rb:56:in `call'
  railties (3.2.8) lib/rails/rack/logger.rb:26:in `call_app'
  railties (3.2.8) lib/rails/rack/logger.rb:16:in `call'
  actionpack (3.2.8) lib/action_dispatch/middleware/request_id.rb:22:in `call'
  rack (1.4.1) lib/rack/methodoverride.rb:21:in `call'
  rack (1.4.1) lib/rack/runtime.rb:17:in `call'
  activesupport (3.2.8) lib/active_support/cache/strategy/local_cache.rb:72:in `call'
  rack (1.4.1) lib/rack/lock.rb:15:in `call'
  actionpack (3.2.8) lib/action_dispatch/middleware/static.rb:62:in `call'
  railties (3.2.8) lib/rails/engine.rb:479:in `call'
  railties (3.2.8) lib/rails/application.rb:223:in `call'
  rack (1.4.1) lib/rack/content_length.rb:14:in `call'
  railties (3.2.8) lib/rails/rack/log_tailer.rb:17:in `call'
  rack (1.4.1) lib/rack/handler/webrick.rb:59:in `service'
  /Users/brianwilkerson/.rvm/rubies/ruby-1.9.3-p286/lib/ruby/1.9.1/webrick/httpserver.rb:138:in `service'
  /Users/brianwilkerson/.rvm/rubies/ruby-1.9.3-p286/lib/ruby/1.9.1/webrick/httpserver.rb:94:in `run'
  /Users/brianwilkerson/.rvm/rubies/ruby-1.9.3-p286/lib/ruby/1.9.1/webrick/server.rb:191:in `block in start_thread'


  Rendered /Users/brianwilkerson/.bundler/gems/actionpack-3.2.8/lib/action_dispatch/middleware/templates/rescues/routing_error.erb within rescues/layout (1.3ms)


Started GET "/assets/posts/new.html" for 127.0.0.1 at 2012-11-29 15:22:08 -0800
Served asset /posts/new.html - 304 Not Modified (18ms)


Started GET "/posts/images/favicon.ico" for 127.0.0.1 at 2012-11-29 15:22:08 -0800

ActionController::RoutingError (No route matches [GET] "/posts/images/favicon.ico"):
  actionpack (3.2.8) lib/action_dispatch/middleware/debug_exceptions.rb:21:in `call'
  actionpack (3.2.8) lib/action_dispatch/middleware/show_exceptions.rb:56:in `call'
  railties (3.2.8) lib/rails/rack/logger.rb:26:in `call_app'
  railties (3.2.8) lib/rails/rack/logger.rb:16:in `call'
  actionpack (3.2.8) lib/action_dispatch/middleware/request_id.rb:22:in `call'
  rack (1.4.1) lib/rack/methodoverride.rb:21:in `call'
  rack (1.4.1) lib/rack/runtime.rb:17:in `call'
  activesupport (3.2.8) lib/active_support/cache/strategy/local_cache.rb:72:in `call'
  rack (1.4.1) lib/rack/lock.rb:15:in `call'
  actionpack (3.2.8) lib/action_dispatch/middleware/static.rb:62:in `call'
  railties (3.2.8) lib/rails/engine.rb:479:in `call'
  railties (3.2.8) lib/rails/application.rb:223:in `call'
  rack (1.4.1) lib/rack/content_length.rb:14:in `call'
  railties (3.2.8) lib/rails/rack/log_tailer.rb:17:in `call'
  rack (1.4.1) lib/rack/handler/webrick.rb:59:in `service'
  /Users/brianwilkerson/.rvm/rubies/ruby-1.9.3-p286/lib/ruby/1.9.1/webrick/httpserver.rb:138:in `service'
  /Users/brianwilkerson/.rvm/rubies/ruby-1.9.3-p286/lib/ruby/1.9.1/webrick/httpserver.rb:94:in `run'
  /Users/brianwilkerson/.rvm/rubies/ruby-1.9.3-p286/lib/ruby/1.9.1/webrick/server.rb:191:in `block in start_thread'


  Rendered /Users/brianwilkerson/.bundler/gems/actionpack-3.2.8/lib/action_dispatch/middleware/templates/rescues/routing_error.erb within rescues/layout (2.3ms)


Started POST "/posts" for 127.0.0.1 at 2012-11-29 15:22:23 -0800
Processing by PostsController#create as JSON
  Parameters: {"title"=>"cool shit", "body"=>"body", "post"=>{"body"=>"body", "title"=>"cool shit"}}
WARNING: Can't verify CSRF token authenticity
  [1m[36m (0.1ms)[0m  [1mbegin transaction[0m
  [1m[35mSQL (102.9ms)[0m  INSERT INTO "posts" ("body", "created_at", "title", "updated_at") VALUES (?, ?, ?, ?)  [["body", "body"], ["created_at", Thu, 29 Nov 2012 23:22:23 UTC +00:00], ["title", "cool shit"], ["updated_at", Thu, 29 Nov 2012 23:22:23 UTC +00:00]]
  [1m[36m (2.3ms)[0m  [1mcommit transaction[0m
Completed 201 Created in 193ms (Views: 3.4ms | ActiveRecord: 105.3ms)


Started GET "/assets/posts/edit.html" for 127.0.0.1 at 2012-11-29 15:22:23 -0800
Served asset /posts/edit.html - 304 Not Modified (18ms)


Started GET "/posts/2" for 127.0.0.1 at 2012-11-29 15:22:23 -0800
Processing by PostsController#show as JSON
  Parameters: {"id"=>"2"}
  [1m[35mPost Load (0.5ms)[0m  SELECT "posts".* FROM "posts" WHERE "posts"."id" = ? LIMIT 1  [["id", "2"]]
Completed 200 OK in 7ms (Views: 2.4ms | ActiveRecord: 0.5ms)


Started GET "/posts/2/images/favicon.ico" for 127.0.0.1 at 2012-11-29 15:22:23 -0800

ActionController::RoutingError (No route matches [GET] "/posts/2/images/favicon.ico"):
  actionpack (3.2.8) lib/action_dispatch/middleware/debug_exceptions.rb:21:in `call'
  actionpack (3.2.8) lib/action_dispatch/middleware/show_exceptions.rb:56:in `call'
  railties (3.2.8) lib/rails/rack/logger.rb:26:in `call_app'
  railties (3.2.8) lib/rails/rack/logger.rb:16:in `call'
  actionpack (3.2.8) lib/action_dispatch/middleware/request_id.rb:22:in `call'
  rack (1.4.1) lib/rack/methodoverride.rb:21:in `call'
  rack (1.4.1) lib/rack/runtime.rb:17:in `call'
  activesupport (3.2.8) lib/active_support/cache/strategy/local_cache.rb:72:in `call'
  rack (1.4.1) lib/rack/lock.rb:15:in `call'
  actionpack (3.2.8) lib/action_dispatch/middleware/static.rb:62:in `call'
  railties (3.2.8) lib/rails/engine.rb:479:in `call'
  railties (3.2.8) lib/rails/application.rb:223:in `call'
  rack (1.4.1) lib/rack/content_length.rb:14:in `call'
  railties (3.2.8) lib/rails/rack/log_tailer.rb:17:in `call'
  rack (1.4.1) lib/rack/handler/webrick.rb:59:in `service'
  /Users/brianwilkerson/.rvm/rubies/ruby-1.9.3-p286/lib/ruby/1.9.1/webrick/httpserver.rb:138:in `service'
  /Users/brianwilkerson/.rvm/rubies/ruby-1.9.3-p286/lib/ruby/1.9.1/webrick/httpserver.rb:94:in `run'
  /Users/brianwilkerson/.rvm/rubies/ruby-1.9.3-p286/lib/ruby/1.9.1/webrick/server.rb:191:in `block in start_thread'


  Rendered /Users/brianwilkerson/.bundler/gems/actionpack-3.2.8/lib/action_dispatch/middleware/templates/rescues/routing_error.erb within rescues/layout (1.0ms)


Started GET "/posts" for 127.0.0.1 at 2012-11-29 15:22:25 -0800
Processing by PostsController#index as JSON
  [1m[36mPost Load (0.3ms)[0m  [1mSELECT "posts".* FROM "posts" [0m
Completed 200 OK in 7ms (Views: 5.2ms | ActiveRecord: 0.3ms)


Started GET "/images/favicon.ico" for 127.0.0.1 at 2012-11-29 15:22:25 -0800

ActionController::RoutingError (No route matches [GET] "/images/favicon.ico"):
  actionpack (3.2.8) lib/action_dispatch/middleware/debug_exceptions.rb:21:in `call'
  actionpack (3.2.8) lib/action_dispatch/middleware/show_exceptions.rb:56:in `call'
  railties (3.2.8) lib/rails/rack/logger.rb:26:in `call_app'
  railties (3.2.8) lib/rails/rack/logger.rb:16:in `call'
  actionpack (3.2.8) lib/action_dispatch/middleware/request_id.rb:22:in `call'
  rack (1.4.1) lib/rack/methodoverride.rb:21:in `call'
  rack (1.4.1) lib/rack/runtime.rb:17:in `call'
  activesupport (3.2.8) lib/active_support/cache/strategy/local_cache.rb:72:in `call'
  rack (1.4.1) lib/rack/lock.rb:15:in `call'
  actionpack (3.2.8) lib/action_dispatch/middleware/static.rb:62:in `call'
  railties (3.2.8) lib/rails/engine.rb:479:in `call'
  railties (3.2.8) lib/rails/application.rb:223:in `call'
  rack (1.4.1) lib/rack/content_length.rb:14:in `call'
  railties (3.2.8) lib/rails/rack/log_tailer.rb:17:in `call'
  rack (1.4.1) lib/rack/handler/webrick.rb:59:in `service'
  /Users/brianwilkerson/.rvm/rubies/ruby-1.9.3-p286/lib/ruby/1.9.1/webrick/httpserver.rb:138:in `service'
  /Users/brianwilkerson/.rvm/rubies/ruby-1.9.3-p286/lib/ruby/1.9.1/webrick/httpserver.rb:94:in `run'
  /Users/brianwilkerson/.rvm/rubies/ruby-1.9.3-p286/lib/ruby/1.9.1/webrick/server.rb:191:in `block in start_thread'


  Rendered /Users/brianwilkerson/.bundler/gems/actionpack-3.2.8/lib/action_dispatch/middleware/templates/rescues/routing_error.erb within rescues/layout (1.1ms)


Started GET "/posts/2" for 127.0.0.1 at 2012-11-29 15:22:27 -0800
Processing by PostsController#show as JSON
  Parameters: {"id"=>"2"}
  [1m[35mPost Load (0.2ms)[0m  SELECT "posts".* FROM "posts" WHERE "posts"."id" = ? LIMIT 1  [["id", "2"]]
Completed 200 OK in 3ms (Views: 0.9ms | ActiveRecord: 0.2ms)


Started GET "/posts/2/images/favicon.ico" for 127.0.0.1 at 2012-11-29 15:22:28 -0800

ActionController::RoutingError (No route matches [GET] "/posts/2/images/favicon.ico"):
  actionpack (3.2.8) lib/action_dispatch/middleware/debug_exceptions.rb:21:in `call'
  actionpack (3.2.8) lib/action_dispatch/middleware/show_exceptions.rb:56:in `call'
  railties (3.2.8) lib/rails/rack/logger.rb:26:in `call_app'
  railties (3.2.8) lib/rails/rack/logger.rb:16:in `call'
  actionpack (3.2.8) lib/action_dispatch/middleware/request_id.rb:22:in `call'
  rack (1.4.1) lib/rack/methodoverride.rb:21:in `call'
  rack (1.4.1) lib/rack/runtime.rb:17:in `call'
  activesupport (3.2.8) lib/active_support/cache/strategy/local_cache.rb:72:in `call'
  rack (1.4.1) lib/rack/lock.rb:15:in `call'
  actionpack (3.2.8) lib/action_dispatch/middleware/static.rb:62:in `call'
  railties (3.2.8) lib/rails/engine.rb:479:in `call'
  railties (3.2.8) lib/rails/application.rb:223:in `call'
  rack (1.4.1) lib/rack/content_length.rb:14:in `call'
  railties (3.2.8) lib/rails/rack/log_tailer.rb:17:in `call'
  rack (1.4.1) lib/rack/handler/webrick.rb:59:in `service'
  /Users/brianwilkerson/.rvm/rubies/ruby-1.9.3-p286/lib/ruby/1.9.1/webrick/httpserver.rb:138:in `service'
  /Users/brianwilkerson/.rvm/rubies/ruby-1.9.3-p286/lib/ruby/1.9.1/webrick/httpserver.rb:94:in `run'
  /Users/brianwilkerson/.rvm/rubies/ruby-1.9.3-p286/lib/ruby/1.9.1/webrick/server.rb:191:in `block in start_thread'


  Rendered /Users/brianwilkerson/.bundler/gems/actionpack-3.2.8/lib/action_dispatch/middleware/templates/rescues/routing_error.erb within rescues/layout (1.0ms)
